<?xml version="1.0" encoding="UTF-8"?>
<testsuite name="com.openclassroom.devops.orion.microcrm.PersonRepositoryIntegrationTest" tests="1" skipped="0" failures="0" errors="0" timestamp="2026-02-14T07:25:07" hostname="PIERRE" time="0.031">
  <properties/>
  <testcase name="whenFindByEmail_thenReturnPerson()" classname="com.openclassroom.devops.orion.microcrm.PersonRepositoryIntegrationTest" time="0.031"/>
  <system-out><![CDATA[2026-02-14T08:25:07.356+01:00  INFO 23204 --- [microcrm] [    Test worker] t.c.s.AnnotationConfigContextLoaderUtils : Could not detect default configuration classes for test class [com.openclassroom.devops.orion.microcrm.PersonRepositoryIntegrationTest]: PersonRepositoryIntegrationTest does not declare any static, non-private, non-final, nested classes annotated with @Configuration.
2026-02-14T08:25:07.366+01:00  INFO 23204 --- [microcrm] [    Test worker] .b.t.c.SpringBootTestContextBootstrapper : Found @SpringBootConfiguration com.openclassroom.devops.orion.microcrm.MicroCRMApplication for test class com.openclassroom.devops.orion.microcrm.PersonRepositoryIntegrationTest

  .   ____          _            __ _ _
 /\\ / ___'_ __ _ _(_)_ __  __ _ \ \ \ \
( ( )\___ | '_ | '_| | '_ \/ _` | \ \ \ \
 \\/  ___)| |_)| | | | | || (_| |  ) ) ) )
  '  |____| .__|_| |_|_| |_\__, | / / / /
 =========|_|==============|___/=/_/_/_/
 :: Spring Boot ::                (v3.2.5)

2026-02-14T08:25:07.391+01:00  INFO 23204 --- [microcrm] [    Test worker] .o.d.o.m.PersonRepositoryIntegrationTest : Starting PersonRepositoryIntegrationTest using Java 21.0.9 with PID 23204 (started by cizuo in C:\Users\cizuo\Desktop\OC\Proj6\P7-FSJA-main\back)
2026-02-14T08:25:07.391+01:00  INFO 23204 --- [microcrm] [    Test worker] .o.d.o.m.PersonRepositoryIntegrationTest : No active profile set, falling back to 1 default profile: "default"
2026-02-14T08:25:07.438+01:00  INFO 23204 --- [microcrm] [    Test worker] .s.d.r.c.RepositoryConfigurationDelegate : Bootstrapping Spring Data JPA repositories in DEFAULT mode.
2026-02-14T08:25:07.443+01:00  INFO 23204 --- [microcrm] [    Test worker] .s.d.r.c.RepositoryConfigurationDelegate : Finished Spring Data repository scanning in 4 ms. Found 2 JPA repository interfaces.
2026-02-14T08:25:07.448+01:00  INFO 23204 --- [microcrm] [    Test worker] beddedDataSourceBeanFactoryPostProcessor : Replacing 'dataSource' DataSource bean with embedded version
2026-02-14T08:25:07.461+01:00  INFO 23204 --- [microcrm] [    Test worker] o.s.j.d.e.EmbeddedDatabaseFactory        : Starting embedded database: url='jdbc:hsqldb:mem:c1b790f1-91d4-45f6-a571-bdf7c1182cc2', username='sa'
2026-02-14T08:25:07.485+01:00  INFO 23204 --- [microcrm] [    Test worker] o.hibernate.jpa.internal.util.LogHelper  : HHH000204: Processing PersistenceUnitInfo [name: default]
2026-02-14T08:25:07.487+01:00  INFO 23204 --- [microcrm] [    Test worker] o.h.c.internal.RegionFactoryInitiator    : HHH000026: Second-level cache disabled
2026-02-14T08:25:07.492+01:00  INFO 23204 --- [microcrm] [    Test worker] o.s.o.j.p.SpringPersistenceUnitInfo      : No LoadTimeWeaver setup: ignoring JPA class transformer
2026-02-14T08:25:07.520+01:00  INFO 23204 --- [microcrm] [    Test worker] o.h.e.t.j.p.i.JtaPlatformInitiator       : HHH000489: No JTA platform available (set 'hibernate.transaction.jta.platform' to enable JTA platform integration)
Hibernate: drop table if exists organization cascade 
Hibernate: drop table if exists organization_persons cascade 
Hibernate: drop table if exists person cascade 
Hibernate: drop sequence organization_seq if exists
Hibernate: drop sequence person_seq if exists
Hibernate: create sequence organization_seq start with 1 increment by 50
Hibernate: create sequence person_seq start with 1 increment by 50
Hibernate: create table organization (created_at timestamp(6), id bigint not null, updated_at timestamp(6), name varchar(255), primary key (id))
Hibernate: create table organization_persons (organizations_id bigint not null, persons_id bigint not null)
Hibernate: create table person (created_at timestamp(6), id bigint not null, updated_at timestamp(6), bio varchar(255), email varchar(255), first_name varchar(255), last_name varchar(255), phone varchar(255), primary key (id))
Hibernate: alter table organization_persons add constraint FK1d6wj2l63l2h1ro93sfyf7yq7 foreign key (persons_id) references person
Hibernate: alter table organization_persons add constraint FKrxxxbi3fb08eehddxfkvtoo4g foreign key (organizations_id) references organization
2026-02-14T08:25:07.523+01:00  INFO 23204 --- [microcrm] [    Test worker] j.LocalContainerEntityManagerFactoryBean : Initialized JPA EntityManagerFactory for persistence unit 'default'
2026-02-14T08:25:07.541+01:00  INFO 23204 --- [microcrm] [    Test worker] .o.d.o.m.PersonRepositoryIntegrationTest : Started PersonRepositoryIntegrationTest in 0.174 seconds (process running for 3.863)
Hibernate: call next value for person_seq
Hibernate: insert into person (bio,created_at,email,first_name,last_name,phone,updated_at,id) values (?,?,?,?,?,?,?,?)
Hibernate: select p1_0.id,p1_0.bio,p1_0.created_at,p1_0.email,p1_0.first_name,p1_0.last_name,p1_0.phone,p1_0.updated_at from person p1_0 where p1_0.email=?
]]></system-out>
  <system-err><![CDATA[]]></system-err>
</testsuite>
